Change Component Designator: Old Designator=C55 New Designator=C?
Change Component Designator: Old Designator=C56 New Designator=C?
Change Component Designator: Old Designator=C57 New Designator=C?
Change Component Designator: Old Designator=C58 New Designator=C?
Change Component Designator: Old Designator=C59 New Designator=C?
Change Component Designator: Old Designator=C60 New Designator=C?
Change Component Designator: Old Designator=C61 New Designator=C?
Change Component Designator: Old Designator=C62 New Designator=C?
Change Component Designator: Old Designator=C63 New Designator=C?
Change Component Designator: Old Designator=C64 New Designator=C?
Change Component Designator: Old Designator=C65 New Designator=C?
Change Component Designator: Old Designator=C66 New Designator=C?
Change Component Designator: Old Designator=D2 New Designator=D?
Change Component Designator: Old Designator=D3 New Designator=D?
Change Component Designator: Old Designator=HL7 New Designator=HL?
Change Component Designator: Old Designator=HL8 New Designator=HL?
Change Component Designator: Old Designator=L4 New Designator=L?
Change Component Designator: Old Designator=R76 New Designator=R?
Change Component Designator: Old Designator=R77 New Designator=R?
Change Component Designator: Old Designator=R78 New Designator=R?
Change Component Designator: Old Designator=R79 New Designator=R?
Change Component Designator: Old Designator=R80 New Designator=R?
Change Component Designator: Old Designator=R81 New Designator=R?
Change Component Designator: Old Designator=VD6 New Designator=VD?
Change Component Designator: Old Designator=VD7 New Designator=VD?
Change Component Designator: Old Designator=VD8 New Designator=VD?
Change Component Designator: Old Designator=X10 New Designator=X?
Change Component Designator: Old Designator=X11 New Designator=X?
