Change Component Designator: Old Designator=C57 New Designator=C?
Change Component Designator: Old Designator=C58 New Designator=C?
Change Component Designator: Old Designator=C59 New Designator=C?
Change Component Designator: Old Designator=C60 New Designator=C?
Change Component Designator: Old Designator=C61 New Designator=C?
Change Component Designator: Old Designator=C62 New Designator=C?
Change Component Designator: Old Designator=C63 New Designator=C?
Change Component Designator: Old Designator=C64 New Designator=C?
Change Component Designator: Old Designator=C65 New Designator=C?
Change Component Designator: Old Designator=C66 New Designator=C?
Change Component Designator: Old Designator=C67 New Designator=C?
Change Component Designator: Old Designator=D3 New Designator=D?
Change Component Designator: Old Designator=D4 New Designator=D?
Change Component Designator: Old Designator=HL7 New Designator=HL?
Change Component Designator: Old Designator=HL8 New Designator=HL?
Change Component Designator: Old Designator=L4 New Designator=L?
Change Component Designator: Old Designator=R86 New Designator=R?
Change Component Designator: Old Designator=R87 New Designator=R?
Change Component Designator: Old Designator=R88 New Designator=R?
Change Component Designator: Old Designator=R89 New Designator=R?
Change Component Designator: Old Designator=R90 New Designator=R?
Change Component Designator: Old Designator=R91 New Designator=R?
Change Component Designator: Old Designator=R92 New Designator=R?
Change Component Designator: Old Designator=R93 New Designator=R?
Change Component Designator: Old Designator=R94 New Designator=R?
Change Component Designator: Old Designator=VD6 New Designator=VD?
Change Component Designator: Old Designator=X15 New Designator=X?
