Change Component Footprint: Designator=C1 Old Footprint=CAP_0402 New Footprint=CAP_0402
Change Component Footprint: Designator=C2 Old Footprint=CAP_0402 New Footprint=CAP_0402
Change Component Footprint: Designator=C4 Old Footprint=CAP_0402 New Footprint=CAP_0402
Change Component Footprint: Designator=C5 Old Footprint=CAP_0402 New Footprint=CAP_0402
Change Component Footprint: Designator=C8 Old Footprint=CAP_0402 New Footprint=CAP_0402
Change Component Footprint: Designator=C14 Old Footprint=CAP_0402 New Footprint=CAP_0402
Change Component Footprint: Designator=C18 Old Footprint=CAP_0402 New Footprint=CAP_0402
Change Component Footprint: Designator=C19 Old Footprint=CAP_0402 New Footprint=CAP_0402
Change Component Footprint: Designator=C20 Old Footprint=CAP_0402 New Footprint=CAP_0402
Change Component Footprint: Designator=C21 Old Footprint=CAP_0402 New Footprint=CAP_0402
Change Component Footprint: Designator=C22 Old Footprint=CAP_0402 New Footprint=CAP_0402
Change Component Footprint: Designator=C23 Old Footprint=CAP_0402 New Footprint=CAP_0402
Change Component Footprint: Designator=C27 Old Footprint=CAP_0402 New Footprint=CAP_0402
Change Component Footprint: Designator=C28 Old Footprint=CAP_0402 New Footprint=CAP_0402
Change Component Footprint: Designator=C29 Old Footprint=CAP_0402 New Footprint=CAP_0402
Change Component Footprint: Designator=C30 Old Footprint=CAP_0402 New Footprint=CAP_0402
Change Component Footprint: Designator=C35 Old Footprint=CAP_0402 New Footprint=CAP_0402
Change Component Footprint: Designator=C36 Old Footprint=CAP_0402 New Footprint=CAP_0402
Change Component Footprint: Designator=C39 Old Footprint=CAP_0402 New Footprint=CAP_0402
Change Component Footprint: Designator=C41 Old Footprint=CAP_0402 New Footprint=CAP_0402
Change Component Footprint: Designator=C42 Old Footprint=CAP_0402 New Footprint=CAP_0402
Change Component Footprint: Designator=C43 Old Footprint=CAP_0402 New Footprint=CAP_0402
Change Component Footprint: Designator=C44 Old Footprint=CAP_0402 New Footprint=CAP_0402
Change Component Footprint: Designator=C48 Old Footprint=CAP_0402 New Footprint=CAP_0402
Change Component Footprint: Designator=C49 Old Footprint=CAP_0402 New Footprint=CAP_0402
Change Component Footprint: Designator=C53 Old Footprint=CAP_0402 New Footprint=CAP_0402
Change Component Footprint: Designator=C54 Old Footprint=CAP_0402 New Footprint=CAP_0402
Change Component Footprint: Designator=C57 Old Footprint=CAP_0402 New Footprint=CAP_0402
Change Component Footprint: Designator=C62 Old Footprint=CAP_0402 New Footprint=CAP_0402
Change Component Footprint: Designator=C63 Old Footprint=CAP_0402 New Footprint=CAP_0402
Change Component Footprint: Designator=C64 Old Footprint=CAP_0402 New Footprint=CAP_0402
Change Component Footprint: Designator=C65 Old Footprint=CAP_0402 New Footprint=CAP_0402
Change Component Footprint: Designator=C68 Old Footprint=CAP_0402 New Footprint=CAP_0402
Change Component Footprint: Designator=C69 Old Footprint=CAP_0402 New Footprint=CAP_0402
Change Component Footprint: Designator=C70 Old Footprint=CAP_0402 New Footprint=CAP_0402
Change Component Footprint: Designator=C71 Old Footprint=CAP_0402 New Footprint=CAP_0402
Change Component Footprint: Designator=C72 Old Footprint=CAP_0402 New Footprint=CAP_0402
Change Component Footprint: Designator=C73 Old Footprint=CAP_0402 New Footprint=CAP_0402
Change Component Footprint: Designator=C74 Old Footprint=CAP_0402 New Footprint=CAP_0402
Change Component Footprint: Designator=C26 Old Footprint=CAP_0603 New Footprint=CAP_0603
Change Component Footprint: Designator=C50 Old Footprint=CAP_0603 New Footprint=CAP_0603
Change Component Footprint: Designator=C55 Old Footprint=CAP_0603 New Footprint=CAP_0603
Change Component Footprint: Designator=C56 Old Footprint=CAP_0603 New Footprint=CAP_0603
Change Component Footprint: Designator=C66 Old Footprint=CAP_0603 New Footprint=CAP_0603
Change Component Footprint: Designator=C67 Old Footprint=CAP_0603 New Footprint=CAP_0603
Change Component Footprint: Designator=C75 Old Footprint=CAP_0603 New Footprint=CAP_0603
Change Component Footprint: Designator=R1 Old Footprint=RES_0402 New Footprint=RES_0402
Change Component Footprint: Designator=R2 Old Footprint=RES_0402 New Footprint=RES_0402
Change Component Footprint: Designator=R3 Old Footprint=RES_0402 New Footprint=RES_0402
Change Component Footprint: Designator=R4 Old Footprint=RES_0402 New Footprint=RES_0402
Change Component Footprint: Designator=R5 Old Footprint=RES_0402 New Footprint=RES_0402
Change Component Footprint: Designator=R6 Old Footprint=RES_0402 New Footprint=RES_0402
Change Component Footprint: Designator=R7 Old Footprint=RES_0402 New Footprint=RES_0402
Change Component Footprint: Designator=R8 Old Footprint=RES_0402 New Footprint=RES_0402
Change Component Footprint: Designator=R9 Old Footprint=RES_0402 New Footprint=RES_0402
Change Component Footprint: Designator=R10 Old Footprint=RES_0402 New Footprint=RES_0402
Change Component Footprint: Designator=R11 Old Footprint=RES_0402 New Footprint=RES_0402
Change Component Footprint: Designator=R12 Old Footprint=RES_0402 New Footprint=RES_0402
Change Component Footprint: Designator=R13 Old Footprint=RES_0402 New Footprint=RES_0402
Change Component Footprint: Designator=R14 Old Footprint=RES_0402 New Footprint=RES_0402
Change Component Footprint: Designator=R15 Old Footprint=RES_0402 New Footprint=RES_0402
Change Component Footprint: Designator=R16 Old Footprint=RES_0402 New Footprint=RES_0402
Change Component Footprint: Designator=R17 Old Footprint=RES_0402 New Footprint=RES_0402
Change Component Footprint: Designator=R18 Old Footprint=RES_0402 New Footprint=RES_0402
Change Component Footprint: Designator=R19 Old Footprint=RES_0402 New Footprint=RES_0402
Change Component Footprint: Designator=R20 Old Footprint=RES_0402 New Footprint=RES_0402
Change Component Footprint: Designator=R21 Old Footprint=RES_0402 New Footprint=RES_0402
Change Component Footprint: Designator=R22 Old Footprint=RES_0402 New Footprint=RES_0402
Change Component Footprint: Designator=R23 Old Footprint=RES_0402 New Footprint=RES_0402
Change Component Footprint: Designator=R24 Old Footprint=RES_0402 New Footprint=RES_0402
Change Component Footprint: Designator=R25 Old Footprint=RES_0402 New Footprint=RES_0402
Change Component Footprint: Designator=R26 Old Footprint=RES_0402 New Footprint=RES_0402
Change Component Footprint: Designator=R27 Old Footprint=RES_0402 New Footprint=RES_0402
Change Component Footprint: Designator=R28 Old Footprint=RES_0402 New Footprint=RES_0402
Change Component Footprint: Designator=R29 Old Footprint=RES_0402 New Footprint=RES_0402
Change Component Footprint: Designator=R30 Old Footprint=RES_0402 New Footprint=RES_0402
Change Component Footprint: Designator=R31 Old Footprint=RES_0402 New Footprint=RES_0402
Change Component Footprint: Designator=R32 Old Footprint=RES_0402 New Footprint=RES_0402
Change Component Footprint: Designator=R33 Old Footprint=RES_0402 New Footprint=RES_0402
Change Component Footprint: Designator=R34 Old Footprint=RES_0402 New Footprint=RES_0402
Change Component Footprint: Designator=R35 Old Footprint=RES_0402 New Footprint=RES_0402
Change Component Footprint: Designator=R36 Old Footprint=RES_0402 New Footprint=RES_0402
Change Component Footprint: Designator=R37 Old Footprint=RES_0402 New Footprint=RES_0402
Change Component Footprint: Designator=R38 Old Footprint=RES_0402 New Footprint=RES_0402
Change Component Footprint: Designator=R39 Old Footprint=RES_0402 New Footprint=RES_0402
Change Component Footprint: Designator=R40 Old Footprint=RES_0402 New Footprint=RES_0402
Change Component Footprint: Designator=R41 Old Footprint=RES_0402 New Footprint=RES_0402
Change Component Footprint: Designator=R42 Old Footprint=RES_0402 New Footprint=RES_0402
Change Component Footprint: Designator=R43 Old Footprint=RES_0402 New Footprint=RES_0402
Change Component Footprint: Designator=R44 Old Footprint=RES_0402 New Footprint=RES_0402
Change Component Footprint: Designator=R45 Old Footprint=RES_0402 New Footprint=RES_0402
Change Component Footprint: Designator=R46 Old Footprint=RES_0402 New Footprint=RES_0402
Change Component Footprint: Designator=R48 Old Footprint=RES_0402 New Footprint=RES_0402
Change Component Footprint: Designator=R49 Old Footprint=RES_0402 New Footprint=RES_0402
Change Component Footprint: Designator=R51 Old Footprint=RES_0402 New Footprint=RES_0402
Change Component Footprint: Designator=R52 Old Footprint=RES_0402 New Footprint=RES_0402
Change Component Footprint: Designator=R53 Old Footprint=RES_0402 New Footprint=RES_0402
Change Component Footprint: Designator=R54 Old Footprint=RES_0402 New Footprint=RES_0402
Change Component Footprint: Designator=R56 Old Footprint=RES_0402 New Footprint=RES_0402
Change Component Footprint: Designator=R57 Old Footprint=RES_0402 New Footprint=RES_0402
Change Component Footprint: Designator=R58 Old Footprint=RES_0402 New Footprint=RES_0402
Change Component Footprint: Designator=R59 Old Footprint=RES_0402 New Footprint=RES_0402
Change Component Footprint: Designator=R60 Old Footprint=RES_0402 New Footprint=RES_0402
Change Component Footprint: Designator=R61 Old Footprint=RES_0402 New Footprint=RES_0402
Change Component Footprint: Designator=R62 Old Footprint=RES_0402 New Footprint=RES_0402
Change Component Footprint: Designator=R63 Old Footprint=RES_0402 New Footprint=RES_0402
Change Component Footprint: Designator=R64 Old Footprint=RES_0402 New Footprint=RES_0402
Change Component Footprint: Designator=R65 Old Footprint=RES_0402 New Footprint=RES_0402
Change Component Footprint: Designator=R66 Old Footprint=RES_0402 New Footprint=RES_0402
Change Component Footprint: Designator=R67 Old Footprint=RES_0402 New Footprint=RES_0402
Change Component Footprint: Designator=R68 Old Footprint=RES_0402 New Footprint=RES_0402
Change Component Footprint: Designator=R69 Old Footprint=RES_0402 New Footprint=RES_0402
Change Component Footprint: Designator=R70 Old Footprint=RES_0402 New Footprint=RES_0402
Change Component Footprint: Designator=R71 Old Footprint=RES_0402 New Footprint=RES_0402
Change Component Footprint: Designator=R72 Old Footprint=RES_0402 New Footprint=RES_0402
Change Component Footprint: Designator=R73 Old Footprint=RES_0402 New Footprint=RES_0402
Change Component Footprint: Designator=R74 Old Footprint=RES_0402 New Footprint=RES_0402
Change Component Footprint: Designator=R75 Old Footprint=RES_0402 New Footprint=RES_0402
Change Component Footprint: Designator=R76 Old Footprint=RES_0402 New Footprint=RES_0402
Change Component Footprint: Designator=R77 Old Footprint=RES_0402 New Footprint=RES_0402
Change Component Footprint: Designator=R78 Old Footprint=RES_0402 New Footprint=RES_0402
Change Component Footprint: Designator=R79 Old Footprint=RES_0402 New Footprint=RES_0402
Change Component Footprint: Designator=R80 Old Footprint=RES_0402 New Footprint=RES_0402
Change Component Footprint: Designator=R81 Old Footprint=RES_0402 New Footprint=RES_0402
Change Component Footprint: Designator=R82 Old Footprint=RES_0402 New Footprint=RES_0402
Change Component Footprint: Designator=R83 Old Footprint=RES_0402 New Footprint=RES_0402
Change Component Footprint: Designator=R86 Old Footprint=RES_0402 New Footprint=RES_0402
Change Component Footprint: Designator=R87 Old Footprint=RES_0402 New Footprint=RES_0402
Change Component Footprint: Designator=R89 Old Footprint=RES_0402 New Footprint=RES_0402
Change Component Footprint: Designator=R91 Old Footprint=RES_0402 New Footprint=RES_0402
Change Component Footprint: Designator=R93 Old Footprint=RES_0402 New Footprint=RES_0402
Change Component Footprint: Designator=R95 Old Footprint=RES_0402 New Footprint=RES_0402
Change Component Footprint: Designator=R96 Old Footprint=RES_0402 New Footprint=RES_0402
Change Component Footprint: Designator=R97 Old Footprint=RES_0402 New Footprint=RES_0402
Change Component Footprint: Designator=R98 Old Footprint=RES_0402 New Footprint=RES_0402
Change Component Footprint: Designator=R99 Old Footprint=RES_0402 New Footprint=RES_0402
Change Component Footprint: Designator=R100 Old Footprint=RES_0402 New Footprint=RES_0402
Change Component Footprint: Designator=R101 Old Footprint=RES_0402 New Footprint=RES_0402
Change Component Footprint: Designator=R102 Old Footprint=RES_0402 New Footprint=RES_0402
Change Component Footprint: Designator=R103 Old Footprint=RES_0402 New Footprint=RES_0402
Change Component Footprint: Designator=R104 Old Footprint=RES_0402 New Footprint=RES_0402
Change Component Footprint: Designator=R105 Old Footprint=RES_0402 New Footprint=RES_0402
Change Component Footprint: Designator=R106 Old Footprint=RES_0402 New Footprint=RES_0402
Change Component Footprint: Designator=R107 Old Footprint=RES_0402 New Footprint=RES_0402
Change Component Footprint: Designator=R108 Old Footprint=RES_0402 New Footprint=RES_0402
Change Component Footprint: Designator=R109 Old Footprint=RES_0402 New Footprint=RES_0402
Change Component Footprint: Designator=R110 Old Footprint=RES_0402 New Footprint=RES_0402
Change Component Footprint: Designator=R111 Old Footprint=RES_0402 New Footprint=RES_0402
Change Component Footprint: Designator=R112 Old Footprint=RES_0402 New Footprint=RES_0402
Change Component Footprint: Designator=R113 Old Footprint=RES_0402 New Footprint=RES_0402
Change Component Footprint: Designator=R88 Old Footprint=RES_0603 New Footprint=RES_0603
Change Component Footprint: Designator=R90 Old Footprint=RES_0603 New Footprint=RES_0603
Change Component Footprint: Designator=R92 Old Footprint=RES_0603 New Footprint=RES_0603
Change Component Footprint: Designator=R55 Old Footprint=RES_0805 New Footprint=RES_0805
Change Component Footprint: Designator=R94 Old Footprint=RES_0805 New Footprint=RES_0805
Change Component Footprint: Designator=R47 Old Footprint=RES_1206 New Footprint=RES_1206
Change Component Footprint: Designator=R50 Old Footprint=RES_1206 New Footprint=RES_1206
Change Component Footprint: Designator=R84 Old Footprint=RES_1206 New Footprint=RES_1206
Change Component Footprint: Designator=R85 Old Footprint=RES_1206 New Footprint=RES_1206
Change Component Designator: OldDesignator=3 NewDesignator=X16
Change Net Name : Old Net Name=USB 2.0+ New Net Name=USB 2.0_P
Change Net Name : Old Net Name=USB 2.0- New Net Name=USB 2.0_N
Added Differential Pair: Name=USB 2.0
Added Rule: Name=Schematic Supply Nets
Added Rule: Name=Schematic Supply Nets_1
Added Rule: Name=Schematic Supply Nets_2
Added Rule: Name=Schematic Supply Nets_3
Added Rule: Name=Schematic Supply Nets_4
Added Rule: Name=Schematic Supply Nets_5
Added Rule: Name=Schematic Supply Nets_6
Added Rule: Name=Schematic Supply Nets_7
Added Rule: Name=Schematic Supply Nets_8
Added Rule: Name=Schematic Supply Nets_9
Added Rule: Name=Schematic Supply Nets_10
Added Member To Class: ClassName=Z=90 Member=USB 2.0
