Change Component Designator: OldDesignator=R79 NewDesignator=R80
Change Component Designator: OldDesignator=R80 NewDesignator=R82
Change Component Designator: OldDesignator=R81 NewDesignator=R83
Change Component Designator: OldDesignator=R82 NewDesignator=R84
Change Component Designator: OldDesignator=R83 NewDesignator=R85
Change Component Designator: OldDesignator=R84 NewDesignator=R86
Change Component Designator: OldDesignator=R85 NewDesignator=R87
Change Component Designator: OldDesignator=R86 NewDesignator=R88
Change Component Designator: OldDesignator=R87 NewDesignator=R89
Change Component Designator: OldDesignator=R88 NewDesignator=R90
Change Component Designator: OldDesignator=R89 NewDesignator=R91
Change Component Designator: OldDesignator=R90 NewDesignator=R92
Change Component Designator: OldDesignator=R91 NewDesignator=R93
Change Component Designator: OldDesignator=R92 NewDesignator=R94
Change Component Designator: OldDesignator=R93 NewDesignator=R95
Change Component Designator: OldDesignator=R94 NewDesignator=R96
Change Component Designator: OldDesignator=R95 NewDesignator=R97
Change Component Designator: OldDesignator=R96 NewDesignator=R98
Change Component Designator: OldDesignator=R97 NewDesignator=R99
Change Component Designator: OldDesignator=R98 NewDesignator=R100
Change Component Designator: OldDesignator=R99 NewDesignator=R101
Change Component Designator: OldDesignator=R100 NewDesignator=R102
Change Component Designator: OldDesignator=R101 NewDesignator=R103
Change Component Designator: OldDesignator=R102 NewDesignator=R104
Change Component Designator: OldDesignator=R103 NewDesignator=R105
Change Component Designator: OldDesignator=R104 NewDesignator=R106
Change Component Designator: OldDesignator=R105 NewDesignator=R107
Change Component Designator: OldDesignator=R106 NewDesignator=R108
Change Component Designator: OldDesignator=R107 NewDesignator=R109
Change Component Designator: OldDesignator=R108 NewDesignator=R110
Change Component Designator: OldDesignator=R109 NewDesignator=R111
Change Component Designator: OldDesignator=R110 NewDesignator=R112
Change Component Designator: OldDesignator=R111 NewDesignator=R113
Change Component Designator: OldDesignator=R112 NewDesignator=R114
Change Component Designator: OldDesignator=R113 NewDesignator=R115
Change Component Designator: OldDesignator=R114 NewDesignator=R116
Change Component Designator: OldDesignator=R115 NewDesignator=R117
Change Component Designator: OldDesignator=R116 NewDesignator=R118
Change Component Designator: OldDesignator=R117 NewDesignator=R119
Change Component Designator: OldDesignator=R118 NewDesignator=R120
Change Component Designator: OldDesignator=R119 NewDesignator=R121
Added Component: Designator=R79(RES_0402)
Add component (AddParameter): Name = "Autor"; Value = "Цислав А.Н."; VariantName = "[No Variations]"
Add component (AddParameter): Name = "Data"; Value = "02-03-2014"; VariantName = "[No Variations]"
Add component (AddParameter): Name = "ID"; Value = "337"; VariantName = "[No Variations]"
Add component (AddParameter): Name = "Manufacturer"; Value = "YAGEO"; VariantName = "[No Variations]"
Add component (AddParameter): Name = "PartNumber"; Value = "RC0402FR-071KL"; VariantName = "[No Variations]"
Add component (AddParameter): Name = "Tolerance"; Value = "1%"; VariantName = "[No Variations]"
Add component (AddParameter): Name = "Type"; Value = "CHIP-0402"; VariantName = "[No Variations]"
Add component (AddParameter): Name = "Value"; Value = "1 кОм"; VariantName = "[No Variations]"
Add component (AddParameter): Name = "Температура"; Value = "-55...+155°C"; VariantName = "[No Variations]"
Add component (AddParameter): Name = "ТКС"; Value = "100 ppm/K"; VariantName = "[No Variations]"
Added Component: Designator=R81(RES_0402)
Add component (AddParameter): Name = "Autor"; Value = "Цислав А.Н."; VariantName = "[No Variations]"
Add component (AddParameter): Name = "Data"; Value = "02-03-2014"; VariantName = "[No Variations]"
Add component (AddParameter): Name = "ID"; Value = "337"; VariantName = "[No Variations]"
Add component (AddParameter): Name = "Manufacturer"; Value = "YAGEO"; VariantName = "[No Variations]"
Add component (AddParameter): Name = "PartNumber"; Value = "RC0402FR-071KL"; VariantName = "[No Variations]"
Add component (AddParameter): Name = "Tolerance"; Value = "1%"; VariantName = "[No Variations]"
Add component (AddParameter): Name = "Type"; Value = "CHIP-0402"; VariantName = "[No Variations]"
Add component (AddParameter): Name = "Value"; Value = "1 кОм"; VariantName = "[No Variations]"
Add component (AddParameter): Name = "Температура"; Value = "-55...+155°C"; VariantName = "[No Variations]"
Add component (AddParameter): Name = "ТКС"; Value = "100 ppm/K"; VariantName = "[No Variations]"
Added Component: Designator=SB1(CL-DA-1BB4-A2T)
Add component (AddParameter): Name = "Autor"; Value = "Admin"; VariantName = "[No Variations]"
Add component (AddParameter): Name = "Current"; Value = "100 мА"; VariantName = "[No Variations]"
Add component (AddParameter): Name = "Data"; Value = "05-15-2018"; VariantName = "[No Variations]"
Add component (AddParameter): Name = "ID"; Value = "98"; VariantName = "[No Variations]"
Add component (AddParameter): Name = "Manufacturer"; Value = "Copal Electronics"; VariantName = "[No Variations]"
Add component (AddParameter): Name = "PartNumber"; Value = "CL-DA-1BB4-A2T"; VariantName = "[No Variations]"
Add component (AddParameter): Name = "Type"; Value = "BUTTON"; VariantName = "[No Variations]"
Add component (AddParameter): Name = "Value"; Value = "DETECT SWITCH right angle NC"; VariantName = "[No Variations]"
Add component (AddParameter): Name = "Voltage"; Value = "12 B"; VariantName = "[No Variations]"
Add component (AddParameter): Name = "Температура"; Value = "-40...+85°C"; VariantName = "[No Variations]"
Added Pin To Net: NetName=+3.3 Pin=R79-1
Added Pin To Net: NetName=GND Pin=R81-2
Change Net Name : Old Net Name=NetR79_2 New Net Name=NetR80_2
Change Net Name : Old Net Name=NetR80_1 New Net Name=NetR82_1
Change Net Name : Old Net Name=NetR80_2 New Net Name=NetR82_2
Change Net Name : Old Net Name=NetR81_1 New Net Name=NetR83_1
Change Net Name : Old Net Name=NetR81_2 New Net Name=NetR83_2
Change Net Name : Old Net Name=NetR101_1 New Net Name=NetR103_1
Change Net Name : Old Net Name=NetR102_1 New Net Name=NetR104_1
Change Net Name : Old Net Name=NetR103_1 New Net Name=NetR105_1
Added Pin To Net: NetName=NetR79_2 Pin=R79-2
Added Pin To Net: NetName=NetR79_2 Pin=R81-1
Added Pin To Net: NetName=NetR79_2 Pin=SB1-2
Added Net: Name=NetR79_2
Added Pin To Net: NetName=NetSB1_1 Pin=SB1-1
Added Pin To Net: NetName=NetSB1_1 Pin=X1-28
Added Net: Name=NetSB1_1
Added Member To Class: ClassName=External interface Member=Component R84 STD_RES
Added Member To Class: ClassName=External interface Member=Component R85 STD_RES
Added Member To Class: ClassName=External interface Member=Component SB1 CL-DA-1BB4-A2T
