Removed Pin From Net: NetName=GND Pin=C51-1
Removed Pin From Net: NetName=GNDG Pin=C51-2
Removed Pin From Net: NetName=GND Pin=R84-1
Removed Pin From Net: NetName=GNDG Pin=R84-2
Removed Pin From Net: NetName=GND Pin=XS1-1
Removed Pin From Net: NetName=GND Pin=XS1-2
Removed Pin From Net: NetName=GND Pin=XS1-3
Removed Pin From Net: NetName=GND Pin=XS1-4
Removed Pin From Net: NetName=GND Pin=XS1-5
Removed Pin From Net: NetName=GND Pin=XS1-6
Removed Pin From Net: NetName=GND Pin=XS1-7
Removed Pin From Net: NetName=GND Pin=XS1-8
Removed Pin From Net: NetName=GND Pin=XS1-9
Removed Pin From Net: NetName=GND Pin=XS1-10
Removed Pin From Net: NetName=GND Pin=XS1-11
Removed Pin From Net: NetName=GND Pin=XS1-12
Removed Pin From Net: NetName=GND Pin=XS1-13
Removed Pin From Net: NetName=GND Pin=XS1-14
Removed Pin From Net: NetName=GND Pin=XS1-15
Removed Pin From Net: NetName=GND Pin=XS1-16
Removed Pin From Net: NetName=GND Pin=XS1-17
Removed Pin From Net: NetName=GND Pin=XS1-18
Removed Pin From Net: NetName=GND Pin=XS1-19
Removed Pin From Net: NetName=GND Pin=XS1-20
Removed Member From Class: ClassName=External interface Member=C55
Removed Member From Class: ClassName=External interface Member=R84
Change Component Designator: OldDesignator=C52 NewDesignator=C51
Change Component Designator: OldDesignator=C53 NewDesignator=C52
Change Component Designator: OldDesignator=C54 NewDesignator=C53
Change Component Designator: OldDesignator=C55 NewDesignator=C54
Change Component Designator: OldDesignator=C56 NewDesignator=C55
Change Component Designator: OldDesignator=C57 NewDesignator=C56
Change Component Designator: OldDesignator=C58 NewDesignator=C57
Change Component Designator: OldDesignator=C59 NewDesignator=C58
Change Component Designator: OldDesignator=C60 NewDesignator=C59
Change Component Designator: OldDesignator=C61 NewDesignator=C60
Change Component Designator: OldDesignator=C62 NewDesignator=C61
Change Component Designator: OldDesignator=C63 NewDesignator=C62
Change Component Designator: OldDesignator=C64 NewDesignator=C63
Change Component Designator: OldDesignator=C65 NewDesignator=C64
Change Component Designator: OldDesignator=C66 NewDesignator=C65
Change Component Designator: OldDesignator=C67 NewDesignator=C66
Change Component Designator: OldDesignator=C68 NewDesignator=C67
Change Component Designator: OldDesignator=C69 NewDesignator=C68
Change Component Designator: OldDesignator=C70 NewDesignator=C69
Change Component Designator: OldDesignator=C71 NewDesignator=C70
Change Component Designator: OldDesignator=C72 NewDesignator=C71
Change Component Designator: OldDesignator=C73 NewDesignator=C72
Change Component Designator: OldDesignator=C74 NewDesignator=C73
Change Component Designator: OldDesignator=C75 NewDesignator=C74
Change Component Designator: OldDesignator=C76 NewDesignator=C75
Change Component Designator: OldDesignator=C77 NewDesignator=C76
Change Component Designator: OldDesignator=C78 NewDesignator=C77
Change Component Designator: OldDesignator=C79 NewDesignator=C78
Change Component Designator: OldDesignator=C80 NewDesignator=C79
Change Component Designator: OldDesignator=C81 NewDesignator=C80
Change Component Designator: OldDesignator=C82 NewDesignator=C81
Change Component Designator: OldDesignator=R85 NewDesignator=R84
Change Component Designator: OldDesignator=R86 NewDesignator=R85
Change Component Designator: OldDesignator=R87 NewDesignator=R86
Change Component Designator: OldDesignator=R88 NewDesignator=R87
Change Component Designator: OldDesignator=R89 NewDesignator=R88
Change Component Designator: OldDesignator=R90 NewDesignator=R89
Change Component Designator: OldDesignator=R91 NewDesignator=R90
Change Component Designator: OldDesignator=R92 NewDesignator=R91
Change Component Designator: OldDesignator=R93 NewDesignator=R92
Change Component Designator: OldDesignator=R94 NewDesignator=R93
Change Component Designator: OldDesignator=R95 NewDesignator=R94
Change Component Designator: OldDesignator=R96 NewDesignator=R95
Change Component Designator: OldDesignator=R97 NewDesignator=R96
Change Component Designator: OldDesignator=R98 NewDesignator=R97
Change Component Designator: OldDesignator=R99 NewDesignator=R98
Change Component Designator: OldDesignator=R100 NewDesignator=R99
Change Component Designator: OldDesignator=R101 NewDesignator=R100
Change Component Designator: OldDesignator=R102 NewDesignator=R101
Change Component Designator: OldDesignator=R103 NewDesignator=R102
Change Component Designator: OldDesignator=R104 NewDesignator=R103
Change Component Designator: OldDesignator=R105 NewDesignator=R104
Change Component Designator: OldDesignator=R106 NewDesignator=R105
Change Component Designator: OldDesignator=R107 NewDesignator=R106
Change Component Designator: OldDesignator=R108 NewDesignator=R107
Change Component Designator: OldDesignator=R109 NewDesignator=R108
Change Component Designator: OldDesignator=R110 NewDesignator=R109
Change Component Designator: OldDesignator=R111 NewDesignator=R110
Change Component Designator: OldDesignator=R112 NewDesignator=R111
Change Component Designator: OldDesignator=R113 NewDesignator=R112
Change Component Designator: OldDesignator=R114 NewDesignator=R113
Change Component Designator: OldDesignator=R115 NewDesignator=R114
Change Component Designator: OldDesignator=R116 NewDesignator=R115
Change Component Designator: OldDesignator=R117 NewDesignator=R116
Change Component Designator: OldDesignator=R118 NewDesignator=R117
Change Component Designator: OldDesignator=R119 NewDesignator=R118
Change Component Designator: OldDesignator=R120 NewDesignator=R119
Added Pin To Net: NetName=GNDG Pin=XS1-1
Added Pin To Net: NetName=GNDG Pin=XS1-2
Added Pin To Net: NetName=GNDG Pin=XS1-3
Added Pin To Net: NetName=GNDG Pin=XS1-4
Added Pin To Net: NetName=GNDG Pin=XS1-5
Added Pin To Net: NetName=GNDG Pin=XS1-6
Added Pin To Net: NetName=GNDG Pin=XS1-7
Added Pin To Net: NetName=GNDG Pin=XS1-8
Added Pin To Net: NetName=GNDG Pin=XS1-9
Added Pin To Net: NetName=GNDG Pin=XS1-10
Added Pin To Net: NetName=GNDG Pin=XS1-11
Added Pin To Net: NetName=GNDG Pin=XS1-12
Added Pin To Net: NetName=GNDG Pin=XS1-13
Added Pin To Net: NetName=GNDG Pin=XS1-14
Added Pin To Net: NetName=GNDG Pin=XS1-15
Added Pin To Net: NetName=GNDG Pin=XS1-16
Added Pin To Net: NetName=GNDG Pin=XS1-17
Added Pin To Net: NetName=GNDG Pin=XS1-18
Added Pin To Net: NetName=GNDG Pin=XS1-19
Added Pin To Net: NetName=GNDG Pin=XS1-20
Change Net Name : Old Net Name=NetC52_1 New Net Name=NetC51_1
Change Net Name : Old Net Name=NetC56_1 New Net Name=NetC55_1
Change Net Name : Old Net Name=NetC56_2 New Net Name=NetC55_2
Change Net Name : Old Net Name=NetC61_1 New Net Name=NetC60_1
Change Net Name : Old Net Name=NetC62_1 New Net Name=NetC61_1
Change Net Name : Old Net Name=NetC63_1 New Net Name=NetC62_1
Change Net Name : Old Net Name=NetC63_2 New Net Name=NetC62_2
Change Net Name : Old Net Name=NetC64_1 New Net Name=NetC63_1
Change Net Name : Old Net Name=NetC66_1 New Net Name=NetC65_1
Change Net Name : Old Net Name=NetC68_1 New Net Name=NetC67_1
Change Net Name : Old Net Name=NetC69_1 New Net Name=NetC68_1
Change Net Name : Old Net Name=NetC81_1 New Net Name=NetC80_1
Change Net Name : Old Net Name=NetR102_1 New Net Name=NetR101_1
Change Net Name : Old Net Name=NetR103_1 New Net Name=NetR102_1
Change Net Name : Old Net Name=NetR104_1 New Net Name=NetR103_1
